<?xml version="1.0" encoding="UTF-8"?>
<!-- Generated by org.testng.reporters.JUnitReportReporter -->
<testsuite name="com.qmetry.qaf.example.test.SampleTest" tests="1" time="0.097" ignored="0" failures="0" timestamp="02 avr. 2019 09:15:15 GMT" skipped="1" hostname="DEV12" errors="0">
  <testcase name="testGoogleSearch4" time="0.097" classname="com.qmetry.qaf.example.test.SampleTest">
    <skipped/>
  </testcase> <!-- testGoogleSearch4 -->
</testsuite> <!-- com.qmetry.qaf.example.test.SampleTest -->
